#
# A fatal error has been detected by the Java Runtime Environment:
#
#  EXCEPTION_ACCESS_VIOLATION (0xc0000005) at pc=0x00007ffcfdb77078, pid=29048, tid=0x00000000000056c8
#
# JRE version: Java(TM) SE Runtime Environment (8.0_221-b11) (build 1.8.0_221-b11)
# Java VM: Java HotSpot(TM) 64-Bit Server VM (25.221-b11 mixed mode windows-amd64 compressed oops)
# Problematic frame:
# C  [gdal305.dll+0x27078]
#
# Failed to write core dump. Minidumps are not enabled by default on client versions of Windows
#
# If you would like to submit a bug report, please visit:
#   http://bugreport.java.com/bugreport/crash.jsp
# The crash happened outside the Java Virtual Machine in native code.
# See problematic frame for where to report the bug.
#

---------------  T H R E A D  ---------------

Current thread (0x00000000283a9000):  JavaThread "Executor task launch worker for task 11" daemon [_thread_in_native, id=22216, stack(0x000000002f5d0000,0x000000002f6d0000)]

siginfo: ExceptionCode=0xc0000005, writing address 0xffffffffffffcce0

Registers:
RAX=0x000000002ff80390, RBX=0x000000002ffaa520, RCX=0x000000007ffe0380, RDX=0x000000000015000a
RSP=0x000000002f6ce8e0, RBP=0x000000002f6ce9c0, RSI=0xffffffffffffcce0, RDI=0x00007ffcfee50e70
R8 =0x0000000000000015, R9 =0x000000000000003d, R10=0x0000000000000000, R11=0x8001f1e000000002
R12=0x0000000000000000, R13=0x0000000000000003, R14=0x0000000000000018, R15=0xfffffffffa00a4f8
RIP=0x00007ffcfdb77078, EFLAGS=0x0000000000010202

Top of Stack: (sp=0x000000002f6ce8e0)
0x000000002f6ce8e0:   000000002f6d25c0 0000000000000000
0x000000002f6ce8f0:   0000000022dbbc20 0000000000000001
0x000000002f6ce900:   00000000283a9000 000000000000000f
0x000000002f6ce910:   000000002f6d25c0 0000000000000000
0x000000002f6ce920:   0000000000000000 000000002ff80390
0x000000002f6ce930:   0000000000000000 00007ffcfe0705d9
0x000000002f6ce940:   00007ffcfee50e70 0000000000000003
0x000000002f6ce950:   000000002f6ce970 000000002ffaa520
0x000000002f6ce960:   0000000000000000 00007ffcfe26293f
0x000000002f6ce970:   000000002ff80390 000000002ff80398
0x000000002f6ce980:   000000002ff80390 0000499c1880e66f
0x000000002f6ce990:   0000000000534d57 00007ffcfe23bb80
0x000000002f6ce9a0:   0000000000000003 000000000000000f
0x000000002f6ce9b0:   0000499c1880e7ef 0000000000000001
0x000000002f6ce9c0:   000000002f6cea60 00007ffcfdeda119
0x000000002f6ce9d0:   0000000000e8fbc0 0000000000000001 

Instructions: (pc=0x00007ffcfdb77078)
0x00007ffcfdb77058:   78 48 89 74 24 68 eb 0c 33 db 48 89 74 24 68 48
0x00007ffcfdb77068:   89 5c 24 78 4a 8d 34 fb 48 8b 44 24 70 48 8b 00
0x00007ffcfdb77078:   48 89 06 4c 8b 47 08 48 8b 17 48 8b cb 4d 3b e0
0x00007ffcfdb77088:   75 05 4c 2b c2 eb 19 4d 8b c4 4c 2b c2 e8 84 95 


Register to memory mapping:

RAX=0x000000002ff80390 is an unknown value
RBX=0x000000002ffaa520 is an unknown value
RCX=0x000000007ffe0380 is an unknown value
RDX=0x000000000015000a is an unknown value
RSP=0x000000002f6ce8e0 is pointing into the stack for thread: 0x00000000283a9000
RBP=0x000000002f6ce9c0 is pointing into the stack for thread: 0x00000000283a9000
RSI=0xffffffffffffcce0 is an unknown value
RDI=0x00007ffcfee50e70 is an unknown value
R8 =0x0000000000000015 is an unknown value
R9 =0x000000000000003d is an unknown value
R10=0x0000000000000000 is an unknown value
R11=0x8001f1e000000002 is an unknown value
R12=0x0000000000000000 is an unknown value
R13=0x0000000000000003 is an unknown value
R14=0x0000000000000018 is an unknown value
R15=0xfffffffffa00a4f8 is an unknown value


Stack: [0x000000002f5d0000,0x000000002f6d0000],  sp=0x000000002f6ce8e0,  free space=1018k
Native frames: (J=compiled Java code, j=interpreted, Vv=VM code, C=native code)
C  [gdal305.dll+0x27078]
C  [gdal305.dll+0x5205d9]
C  [gdal305.dll+0x71293f]
C  [gdal305.dll+0x38a119]
C  0x0000000003521df0

Java frames: (J=compiled Java code, j=interpreted, Vv=VM code)
j  org.gdal.gdal.gdalJNI.AllRegister()V+0
j  org.gdal.gdal.gdal.AllRegister()V+0
j  whu.edu.cn.application.oge.utils.TiffUtil$.getTileFromFile(ILjava/lang/String;[DLjava/lang/String;Ljava/lang/String;)Ljava/util/ArrayList;+5
j  whu.edu.cn.application.oge.utils.TiffUtil$$anonfun$5.apply([D)Lscala/collection/mutable/Buffer;+38
j  whu.edu.cn.application.oge.utils.TiffUtil$$anonfun$5.apply(Ljava/lang/Object;)Ljava/lang/Object;+5
j  scala.collection.Iterator$$anon$11.next()Ljava/lang/Object;+13
j  scala.collection.Iterator$$anon$11.next()Ljava/lang/Object;+8
j  org.apache.spark.util.collection.ExternalSorter.insertAll(Lscala/collection/Iterator;)V+78
j  org.apache.spark.shuffle.sort.SortShuffleWriter.write(Lscala/collection/Iterator;)V+106
j  org.apache.spark.scheduler.ShuffleMapTask.runTask(Lorg/apache/spark/TaskContext;)Lorg/apache/spark/scheduler/MapStatus;+222
j  org.apache.spark.scheduler.ShuffleMapTask.runTask(Lorg/apache/spark/TaskContext;)Ljava/lang/Object;+2
j  org.apache.spark.scheduler.Task.run(JILorg/apache/spark/metrics/MetricsSystem;)Ljava/lang/Object;+204
j  org.apache.spark.executor.Executor$TaskRunner$$anonfun$10.apply()Ljava/lang/Object;+37
j  org.apache.spark.util.Utils$.tryWithSafeFinally(Lscala/Function0;Lscala/Function0;)Ljava/lang/Object;+3
j  org.apache.spark.executor.Executor$TaskRunner.run()V+383
j  java.util.concurrent.ThreadPoolExecutor.runWorker(Ljava/util/concurrent/ThreadPoolExecutor$Worker;)V+95
j  java.util.concurrent.ThreadPoolExecutor$Worker.run()V+5
j  java.lang.Thread.run()V+11
v  ~StubRoutines::call_stub

---------------  P R O C E S S  ---------------

Java Threads: ( => current thread )
  0x0000000021519800 JavaThread "task-result-getter-3" daemon [_thread_blocked, id=23600, stack(0x000000002fdd0000,0x000000002fed0000)]
  0x00000000283a7000 JavaThread "task-result-getter-2" daemon [_thread_blocked, id=28812, stack(0x000000002fcd0000,0x000000002fdd0000)]
  0x00000000283a6000 JavaThread "task-result-getter-1" daemon [_thread_blocked, id=10580, stack(0x000000002fbd0000,0x000000002fcd0000)]
  0x00000000283a5800 JavaThread "task-result-getter-0" daemon [_thread_blocked, id=30768, stack(0x000000002fad0000,0x000000002fbd0000)]
=>0x00000000283a9000 JavaThread "Executor task launch worker for task 11" daemon [_thread_in_native, id=22216, stack(0x000000002f5d0000,0x000000002f6d0000)]
  0x00000000283a8800 JavaThread "Executor task launch worker for task 10" daemon [_thread_blocked, id=18280, stack(0x000000002f4d0000,0x000000002f5d0000)]
  0x00000000283a7800 JavaThread "Executor task launch worker for task 9" daemon [_thread_blocked, id=2588, stack(0x000000002f3d0000,0x000000002f4d0000)]
  0x000000002839c800 JavaThread "Executor task launch worker for task 8" daemon [_thread_in_native, id=15920, stack(0x000000002f2d0000,0x000000002f3d0000)]
  0x00000000283a3000 JavaThread "Executor task launch worker for task 7" daemon [_thread_blocked, id=18736, stack(0x000000002f1d0000,0x000000002f2d0000)]
  0x000000002839b800 JavaThread "Executor task launch worker for task 6" daemon [_thread_blocked, id=30824, stack(0x000000002f0d0000,0x000000002f1d0000)]
  0x00000000283a2800 JavaThread "Executor task launch worker for task 5" daemon [_thread_in_native, id=28304, stack(0x000000002dfb0000,0x000000002e0b0000)]
  0x000000002839b000 JavaThread "Executor task launch worker for task 4" daemon [_thread_blocked, id=18996, stack(0x000000002deb0000,0x000000002dfb0000)]
  0x00000000283a1800 JavaThread "Executor task launch worker for task 3" daemon [_thread_blocked, id=21560, stack(0x000000002ddb0000,0x000000002deb0000)]
  0x000000002839a000 JavaThread "Executor task launch worker for task 2" daemon [_thread_in_native, id=20640, stack(0x000000002dcb0000,0x000000002ddb0000)]
  0x000000002839d000 JavaThread "Executor task launch worker for task 1" daemon [_thread_blocked, id=15348, stack(0x000000002bba0000,0x000000002bca0000)]
  0x000000002839e800 JavaThread "Executor task launch worker for task 0" daemon [_thread_blocked, id=29480, stack(0x000000002baa0000,0x000000002bba0000)]
  0x00000000283a1000 JavaThread "commons-pool-evictor" daemon [_thread_blocked, id=15080, stack(0x000000002b3a0000,0x000000002b4a0000)]
  0x00000000283a0000 JavaThread "element-tracking-store-worker" daemon [_thread_blocked, id=10228, stack(0x000000002a0d0000,0x000000002a1d0000)]
  0x000000002839f800 JavaThread "spark-listener-group-executorManagement" daemon [_thread_blocked, id=8836, stack(0x0000000029000000,0x0000000029100000)]
  0x000000002839e000 JavaThread "spark-listener-group-appStatus" daemon [_thread_blocked, id=17388, stack(0x0000000028f00000,0x0000000029000000)]
  0x00000000234b0800 JavaThread "context-cleaner-periodic-gc" daemon [_thread_blocked, id=4412, stack(0x0000000028e00000,0x0000000028f00000)]
  0x00000000234af800 JavaThread "Spark Context Cleaner" daemon [_thread_blocked, id=13176, stack(0x0000000028d00000,0x0000000028e00000)]
  0x00000000234b6800 JavaThread "shuffle-server-5-1" daemon [_thread_in_native, id=22968, stack(0x0000000027480000,0x0000000027580000)]
  0x00000000234b5800 JavaThread "driver-heartbeater" daemon [_thread_blocked, id=20260, stack(0x0000000027380000,0x0000000027480000)]
  0x00000000234af000 JavaThread "dag-scheduler-event-loop" daemon [_thread_blocked, id=29600, stack(0x0000000027080000,0x0000000027180000)]
  0x00000000234ae000 JavaThread "netty-rpc-env-timeout" daemon [_thread_blocked, id=19524, stack(0x0000000026f80000,0x0000000027080000)]
  0x00000000234b5000 JavaThread "Timer-1" daemon [_thread_blocked, id=2168, stack(0x0000000026e80000,0x0000000026f80000)]
  0x00000000234b4000 JavaThread "Timer-0" daemon [_thread_blocked, id=19760, stack(0x00000000265e0000,0x00000000266e0000)]
  0x00000000234ad800 JavaThread "heartbeat-receiver-event-loop-thread" daemon [_thread_blocked, id=31072, stack(0x00000000264e0000,0x00000000265e0000)]
  0x00000000234b2000 JavaThread "SparkUI-46" daemon [_thread_blocked, id=17100, stack(0x0000000026d80000,0x0000000026e80000)]
  0x00000000234ac800 JavaThread "SparkUI-45" daemon [_thread_blocked, id=23216, stack(0x0000000026c80000,0x0000000026d80000)]
  0x00000000234b3800 JavaThread "SparkUI-44" daemon [_thread_blocked, id=23668, stack(0x0000000026b80000,0x0000000026c80000)]
  0x00000000234b2800 JavaThread "SparkUI-43-acceptor-0@3e4c364c-Spark@308bcff5{HTTP/1.1,[http/1.1]}{0.0.0.0:4040}" daemon [_thread_in_native, id=3968, stack(0x0000000026a80000,0x0000000026b80000)]
  0x00000000234aa800 JavaThread "SparkUI-42" daemon [_thread_in_native, id=16900, stack(0x0000000026980000,0x0000000026a80000)]
  0x00000000234b1000 JavaThread "SparkUI-41" daemon [_thread_in_native, id=10912, stack(0x0000000026880000,0x0000000026980000)]
  0x00000000234a7800 JavaThread "SparkUI-40" daemon [_thread_in_native, id=30692, stack(0x0000000026780000,0x0000000026880000)]
  0x00000000234ac000 JavaThread "SparkUI-39" daemon [_thread_in_native, id=17144, stack(0x00000000261d0000,0x00000000262d0000)]
  0x00000000234a9800 JavaThread "RemoteBlock-temp-file-clean-thread" daemon [_thread_blocked, id=18800, stack(0x00000000260d0000,0x00000000261d0000)]
  0x00000000234a8000 JavaThread "map-output-dispatcher-7" daemon [_thread_blocked, id=10304, stack(0x0000000025fd0000,0x00000000260d0000)]
  0x00000000234a9000 JavaThread "map-output-dispatcher-6" daemon [_thread_blocked, id=31136, stack(0x0000000025ed0000,0x0000000025fd0000)]
  0x00000000234ab000 JavaThread "map-output-dispatcher-5" daemon [_thread_blocked, id=2532, stack(0x0000000025dd0000,0x0000000025ed0000)]
  0x0000000021744800 JavaThread "map-output-dispatcher-4" daemon [_thread_blocked, id=27748, stack(0x0000000025cd0000,0x0000000025dd0000)]
  0x0000000021744000 JavaThread "map-output-dispatcher-3" daemon [_thread_blocked, id=22416, stack(0x0000000025bd0000,0x0000000025cd0000)]
  0x0000000021742800 JavaThread "map-output-dispatcher-2" daemon [_thread_blocked, id=25808, stack(0x0000000025ad0000,0x0000000025bd0000)]
  0x0000000021741000 JavaThread "map-output-dispatcher-1" daemon [_thread_blocked, id=29976, stack(0x00000000259d0000,0x0000000025ad0000)]
  0x000000002173f800 JavaThread "map-output-dispatcher-0" daemon [_thread_blocked, id=5736, stack(0x00000000258d0000,0x00000000259d0000)]
  0x0000000021743000 JavaThread "rpc-server-3-1" daemon [_thread_in_native, id=6392, stack(0x00000000255d0000,0x00000000256d0000)]
  0x0000000021746000 JavaThread "dispatcher-event-loop-11" daemon [_thread_blocked, id=29980, stack(0x00000000252d0000,0x00000000253d0000)]
  0x0000000021740000 JavaThread "dispatcher-event-loop-10" daemon [_thread_blocked, id=29408, stack(0x00000000251d0000,0x00000000252d0000)]
  0x0000000021745800 JavaThread "dispatcher-event-loop-9" daemon [_thread_blocked, id=25452, stack(0x00000000250d0000,0x00000000251d0000)]
  0x0000000021741800 JavaThread "dispatcher-event-loop-8" daemon [_thread_blocked, id=25264, stack(0x0000000024fd0000,0x00000000250d0000)]
  0x0000000022816000 JavaThread "dispatcher-event-loop-7" daemon [_thread_blocked, id=14212, stack(0x0000000024ed0000,0x0000000024fd0000)]
  0x0000000022815000 JavaThread "dispatcher-event-loop-6" daemon [_thread_blocked, id=30196, stack(0x0000000024dd0000,0x0000000024ed0000)]
  0x0000000022812800 JavaThread "dispatcher-event-loop-5" daemon [_thread_blocked, id=25632, stack(0x0000000024cd0000,0x0000000024dd0000)]
  0x00000000216d1000 JavaThread "dispatcher-event-loop-4" daemon [_thread_blocked, id=31500, stack(0x0000000024bd0000,0x0000000024cd0000)]
  0x0000000020d09800 JavaThread "dispatcher-event-loop-3" daemon [_thread_blocked, id=27068, stack(0x0000000024ad0000,0x0000000024bd0000)]
  0x000000002030d800 JavaThread "dispatcher-event-loop-2" daemon [_thread_blocked, id=30604, stack(0x00000000249d0000,0x0000000024ad0000)]
  0x000000002030d000 JavaThread "dispatcher-event-loop-1" daemon [_thread_blocked, id=28544, stack(0x00000000247d0000,0x00000000248d0000)]
  0x0000000023577000 JavaThread "dispatcher-event-loop-0" daemon [_thread_blocked, id=17012, stack(0x00000000246d0000,0x00000000247d0000)]
  0x0000000020e31000 JavaThread "Service Thread" daemon [_thread_blocked, id=4224, stack(0x0000000021ba0000,0x0000000021ca0000)]
  0x0000000020d9b800 JavaThread "C1 CompilerThread3" daemon [_thread_blocked, id=23868, stack(0x0000000021aa0000,0x0000000021ba0000)]
  0x0000000020d9a800 JavaThread "C2 CompilerThread2" daemon [_thread_blocked, id=28480, stack(0x00000000219a0000,0x0000000021aa0000)]
  0x0000000020d9a000 JavaThread "C2 CompilerThread1" daemon [_thread_blocked, id=15792, stack(0x00000000218a0000,0x00000000219a0000)]
  0x0000000020d72000 JavaThread "C2 CompilerThread0" daemon [_thread_blocked, id=11332, stack(0x00000000217a0000,0x00000000218a0000)]
  0x000000001e772000 JavaThread "JDWP Command Reader" daemon [_thread_in_native, id=23532, stack(0x000000001fed0000,0x000000001ffd0000)]
  0x000000001e76b000 JavaThread "JDWP Event Helper Thread" daemon [_thread_blocked, id=5760, stack(0x000000001fdd0000,0x000000001fed0000)]
  0x000000001e75b800 JavaThread "JDWP Transport Listener: dt_socket" daemon [_thread_blocked, id=6008, stack(0x000000001fcd0000,0x000000001fdd0000)]
  0x000000001e704000 JavaThread "Attach Listener" daemon [_thread_blocked, id=15700, stack(0x000000001fbd0000,0x000000001fcd0000)]
  0x000000001e703000 JavaThread "Signal Dispatcher" daemon [_thread_blocked, id=5944, stack(0x000000001fad0000,0x000000001fbd0000)]
  0x000000001d002800 JavaThread "Finalizer" daemon [_thread_blocked, id=22176, stack(0x000000001f960000,0x000000001fa60000)]
  0x000000001e6e3000 JavaThread "Reference Handler" daemon [_thread_blocked, id=25660, stack(0x000000001f860000,0x000000001f960000)]
  0x0000000003402800 JavaThread "main" [_thread_blocked, id=31056, stack(0x0000000003120000,0x0000000003220000)]

Other Threads:
  0x000000001cff6800 VMThread [stack: 0x000000001f760000,0x000000001f860000] [id=29840]
  0x0000000020f1a800 WatcherThread [stack: 0x0000000021ca0000,0x0000000021da0000] [id=332]

VM state:not at safepoint (normal execution)

VM Mutex/Monitor currently owned by a thread: None

heap address: 0x00000006c3c00000, size: 4036 MB, Compressed Oops mode: Zero based, Oop shift amount: 3
Narrow klass base: 0x0000000000000000, Narrow klass shift: 3
Compressed class space size: 1073741824 Address: 0x00000007c0000000

Heap:
 PSYoungGen      total 110080K, used 40426K [0x000000076bf00000, 0x0000000773600000, 0x00000007c0000000)
  eden space 101376K, 31% used [0x000000076bf00000,0x000000076ddfc9e8,0x0000000772200000)
  from space 8704K, 99% used [0x0000000772400000,0x0000000772c7e090,0x0000000772c80000)
  to   space 9728K, 0% used [0x0000000772c80000,0x0000000772c80000,0x0000000773600000)
 ParOldGen       total 133120K, used 12170K [0x00000006c3c00000, 0x00000006cbe00000, 0x000000076bf00000)
  object space 133120K, 9% used [0x00000006c3c00000,0x00000006c47e2898,0x00000006cbe00000)
 Metaspace       used 45403K, capacity 45880K, committed 46080K, reserved 1089536K
  class space    used 6228K, capacity 6375K, committed 6400K, reserved 1048576K

Card table byte_map: [0x00000000128c0000,0x00000000130b0000] byte_map_base: 0x000000000f2a2000

Marking Bits: (ParMarkBitMap*) 0x0000000053a15ce0
 Begin Bits: [0x0000000014000000, 0x0000000017f10000)
 End Bits:   [0x0000000017f10000, 0x000000001be20000)

Polling page: 0x00000000013b0000

CodeCache: size=245760Kb used=8283Kb max_used=9577Kb free=237476Kb
 bounds [0x0000000003500000, 0x0000000003e70000, 0x0000000012500000]
 total_blobs=3397 nmethods=2649 adapters=666
 compilation: enabled

Compilation events (10 events):
Event: 79.256 Thread 0x0000000020d9b800 3067       3       org.spark_project.guava.collect.MapMakerInternalMap$Segment::getEntry (80 bytes)
Event: 79.257 Thread 0x0000000020d9b800 nmethod 3067 0x0000000003622610 code [0x00000000036228c0, 0x0000000003623f08]
Event: 79.257 Thread 0x0000000020d9b800 3069       3       scala.collection.immutable.List::foreach (32 bytes)
Event: 79.257 Thread 0x0000000020d9b800 nmethod 3069 0x0000000003621c90 code [0x0000000003621e40, 0x0000000003622438]
Event: 79.257 Thread 0x0000000020d9b800 3068       3       org.spark_project.guava.collect.MapMakerInternalMap$Segment::getFirst (21 bytes)
Event: 79.257 Thread 0x0000000020d9b800 nmethod 3068 0x0000000003621410 code [0x00000000036215a0, 0x0000000003621aa8]
Event: 79.257 Thread 0x0000000020d9b800 3071       3       org.spark_project.guava.collect.MapMakerInternalMap$WeakEntry::getKey (5 bytes)
Event: 79.257 Thread 0x0000000020d9b800 nmethod 3071 0x0000000003bde010 code [0x0000000003bde160, 0x0000000003bde350]
Event: 79.257 Thread 0x0000000020d9b800 3070       1       org.apache.spark.status.LiveEntityHelpers$::stringInterner (5 bytes)
Event: 79.257 Thread 0x0000000020d9b800 nmethod 3070 0x00000000036f1c10 code [0x00000000036f1d60, 0x00000000036f1e70]

GC Heap History (10 events):
Event: 4.432 GC heap before
{Heap before GC invocations=7 (full 1):
 PSYoungGen      total 75776K, used 71397K [0x000000076bf00000, 0x0000000773800000, 0x00000007c0000000)
  eden space 65024K, 100% used [0x000000076bf00000,0x000000076fe80000,0x000000076fe80000)
  from space 10752K, 59% used [0x000000076fe80000,0x00000007704b9780,0x0000000770900000)
  to   space 8704K, 0% used [0x0000000772f80000,0x0000000772f80000,0x0000000773800000)
 ParOldGen       total 103424K, used 7687K [0x00000006c3c00000, 0x00000006ca100000, 0x000000076bf00000)
  object space 103424K, 7% used [0x00000006c3c00000,0x00000006c4381d20,0x00000006ca100000)
 Metaspace       used 32641K, capacity 32918K, committed 33152K, reserved 1077248K
  class space    used 4397K, capacity 4463K, committed 4480K, reserved 1048576K
Event: 4.436 GC heap after
Heap after GC invocations=7 (full 1):
 PSYoungGen      total 114688K, used 4621K [0x000000076bf00000, 0x0000000773980000, 0x00000007c0000000)
  eden space 105984K, 0% used [0x000000076bf00000,0x000000076bf00000,0x0000000772680000)
  from space 8704K, 53% used [0x0000000772f80000,0x00000007734035b0,0x0000000773800000)
  to   space 9216K, 0% used [0x0000000772680000,0x0000000772680000,0x0000000772f80000)
 ParOldGen       total 103424K, used 7695K [0x00000006c3c00000, 0x00000006ca100000, 0x000000076bf00000)
  object space 103424K, 7% used [0x00000006c3c00000,0x00000006c4383d20,0x00000006ca100000)
 Metaspace       used 32641K, capacity 32918K, committed 33152K, reserved 1077248K
  class space    used 4397K, capacity 4463K, committed 4480K, reserved 1048576K
}
Event: 48.383 GC heap before
{Heap before GC invocations=8 (full 1):
 PSYoungGen      total 114688K, used 110605K [0x000000076bf00000, 0x0000000773980000, 0x00000007c0000000)
  eden space 105984K, 100% used [0x000000076bf00000,0x0000000772680000,0x0000000772680000)
  from space 8704K, 53% used [0x0000000772f80000,0x00000007734035b0,0x0000000773800000)
  to   space 9216K, 0% used [0x0000000772680000,0x0000000772680000,0x0000000772f80000)
 ParOldGen       total 103424K, used 7695K [0x00000006c3c00000, 0x00000006ca100000, 0x000000076bf00000)
  object space 103424K, 7% used [0x00000006c3c00000,0x00000006c4383d20,0x00000006ca100000)
 Metaspace       used 33339K, capacity 33622K, committed 33792K, reserved 1079296K
  class space    used 4502K, capacity 4591K, committed 4608K, reserved 1048576K
Event: 48.387 GC heap after
Heap after GC invocations=8 (full 1):
 PSYoungGen      total 108032K, used 4344K [0x000000076bf00000, 0x0000000773700000, 0x00000007c0000000)
  eden space 103424K, 0% used [0x000000076bf00000,0x000000076bf00000,0x0000000772400000)
  from space 4608K, 94% used [0x0000000772680000,0x0000000772abe2f8,0x0000000772b00000)
  to   space 9728K, 0% used [0x0000000772d80000,0x0000000772d80000,0x0000000773700000)
 ParOldGen       total 103424K, used 7703K [0x00000006c3c00000, 0x00000006ca100000, 0x000000076bf00000)
  object space 103424K, 7% used [0x00000006c3c00000,0x00000006c4385d20,0x00000006ca100000)
 Metaspace       used 33339K, capacity 33622K, committed 33792K, reserved 1079296K
  class space    used 4502K, capacity 4591K, committed 4608K, reserved 1048576K
}
Event: 48.651 GC heap before
{Heap before GC invocations=9 (full 1):
 PSYoungGen      total 108032K, used 30091K [0x000000076bf00000, 0x0000000773700000, 0x00000007c0000000)
  eden space 103424K, 24% used [0x000000076bf00000,0x000000076d824bf8,0x0000000772400000)
  from space 4608K, 94% used [0x0000000772680000,0x0000000772abe2f8,0x0000000772b00000)
  to   space 9728K, 0% used [0x0000000772d80000,0x0000000772d80000,0x0000000773700000)
 ParOldGen       total 103424K, used 7703K [0x00000006c3c00000, 0x00000006ca100000, 0x000000076bf00000)
  object space 103424K, 7% used [0x00000006c3c00000,0x00000006c4385d20,0x00000006ca100000)
 Metaspace       used 35051K, capacity 35254K, committed 35496K, reserved 1079296K
  class space    used 4730K, capacity 4815K, committed 4864K, reserved 1048576K
Event: 48.654 GC heap after
Heap after GC invocations=9 (full 1):
 PSYoungGen      total 113152K, used 5058K [0x000000076bf00000, 0x0000000777580000, 0x00000007c0000000)
  eden space 103424K, 0% used [0x000000076bf00000,0x000000076bf00000,0x0000000772400000)
  from space 9728K, 51% used [0x0000000772d80000,0x0000000773270a10,0x0000000773700000)
  to   space 9728K, 0% used [0x0000000772400000,0x0000000772400000,0x0000000772d80000)
 ParOldGen       total 103424K, used 10183K [0x00000006c3c00000, 0x00000006ca100000, 0x000000076bf00000)
  object space 103424K, 9% used [0x00000006c3c00000,0x00000006c45f1f08,0x00000006ca100000)
 Metaspace       used 35051K, capacity 35254K, committed 35496K, reserved 1079296K
  class space    used 4730K, capacity 4815K, committed 4864K, reserved 1048576K
}
Event: 48.654 GC heap before
{Heap before GC invocations=10 (full 2):
 PSYoungGen      total 113152K, used 5058K [0x000000076bf00000, 0x0000000777580000, 0x00000007c0000000)
  eden space 103424K, 0% used [0x000000076bf00000,0x000000076bf00000,0x0000000772400000)
  from space 9728K, 51% used [0x0000000772d80000,0x0000000773270a10,0x0000000773700000)
  to   space 9728K, 0% used [0x0000000772400000,0x0000000772400000,0x0000000772d80000)
 ParOldGen       total 103424K, used 10183K [0x00000006c3c00000, 0x00000006ca100000, 0x000000076bf00000)
  object space 103424K, 9% used [0x00000006c3c00000,0x00000006c45f1f08,0x00000006ca100000)
 Metaspace       used 35051K, capacity 35254K, committed 35496K, reserved 1079296K
  class space    used 4730K, capacity 4815K, committed 4864K, reserved 1048576K
Event: 48.673 GC heap after
Heap after GC invocations=10 (full 2):
 PSYoungGen      total 113152K, used 0K [0x000000076bf00000, 0x0000000777580000, 0x00000007c0000000)
  eden space 103424K, 0% used [0x000000076bf00000,0x000000076bf00000,0x0000000772400000)
  from space 9728K, 0% used [0x0000000772d80000,0x0000000772d80000,0x0000000773700000)
  to   space 9728K, 0% used [0x0000000772400000,0x0000000772400000,0x0000000772d80000)
 ParOldGen       total 133120K, used 12154K [0x00000006c3c00000, 0x00000006cbe00000, 0x000000076bf00000)
  object space 133120K, 9% used [0x00000006c3c00000,0x00000006c47de898,0x00000006cbe00000)
 Metaspace       used 35051K, capacity 35254K, committed 35496K, reserved 1079296K
  class space    used 4730K, capacity 4815K, committed 4864K, reserved 1048576K
}
Event: 65.311 GC heap before
{Heap before GC invocations=11 (full 2):
 PSYoungGen      total 113152K, used 103424K [0x000000076bf00000, 0x0000000777580000, 0x00000007c0000000)
  eden space 103424K, 100% used [0x000000076bf00000,0x0000000772400000,0x0000000772400000)
  from space 9728K, 0% used [0x0000000772d80000,0x0000000772d80000,0x0000000773700000)
  to   space 9728K, 0% used [0x0000000772400000,0x0000000772400000,0x0000000772d80000)
 ParOldGen       total 133120K, used 12154K [0x00000006c3c00000, 0x00000006cbe00000, 0x000000076bf00000)
  object space 133120K, 9% used [0x00000006c3c00000,0x00000006c47de898,0x00000006cbe00000)
 Metaspace       used 42854K, capacity 43246K, committed 43392K, reserved 1087488K
  class space    used 5881K, capacity 6000K, committed 6016K, reserved 1048576K
Event: 65.316 GC heap after
Heap after GC invocations=11 (full 2):
 PSYoungGen      total 110080K, used 8696K [0x000000076bf00000, 0x0000000773600000, 0x00000007c0000000)
  eden space 101376K, 0% used [0x000000076bf00000,0x000000076bf00000,0x0000000772200000)
  from space 8704K, 99% used [0x0000000772400000,0x0000000772c7e090,0x0000000772c80000)
  to   space 9728K, 0% used [0x0000000772c80000,0x0000000772c80000,0x0000000773600000)
 ParOldGen       total 133120K, used 12170K [0x00000006c3c00000, 0x00000006cbe00000, 0x000000076bf00000)
  object space 133120K, 9% used [0x00000006c3c00000,0x00000006c47e2898,0x00000006cbe00000)
 Metaspace       used 42854K, capacity 43246K, committed 43392K, reserved 1087488K
  class space    used 5881K, capacity 6000K, committed 6016K, reserved 1048576K
}

Deoptimization events (10 events):
Event: 65.386 Thread 0x000000002839e000 Uncommon trap: reason=class_check action=maybe_recompile pc=0x0000000003df5d30 method=java.util.concurrent.ConcurrentHashMap.putVal(Ljava/lang/Object;Ljava/lang/Object;Z)Ljava/lang/Object; @ 192
Event: 65.387 Thread 0x000000002839e000 Uncommon trap: reason=class_check action=maybe_recompile pc=0x0000000003df5d30 method=java.util.concurrent.ConcurrentHashMap.putVal(Ljava/lang/Object;Ljava/lang/Object;Z)Ljava/lang/Object; @ 192
Event: 65.394 Thread 0x000000002839c800 Uncommon trap: reason=class_check action=maybe_recompile pc=0x0000000003a188c8 method=java.lang.ClassLoader.loadClass(Ljava/lang/String;Z)Ljava/lang/Class; @ 38
Event: 65.395 Thread 0x000000002839e800 Uncommon trap: reason=class_check action=maybe_recompile pc=0x0000000003a188c8 method=java.lang.ClassLoader.loadClass(Ljava/lang/String;Z)Ljava/lang/Class; @ 38
Event: 65.395 Thread 0x00000000283a8800 Uncommon trap: reason=class_check action=maybe_recompile pc=0x0000000003a188c8 method=java.lang.ClassLoader.loadClass(Ljava/lang/String;Z)Ljava/lang/Class; @ 38
Event: 65.395 Thread 0x000000002839e800 Uncommon trap: reason=class_check action=maybe_recompile pc=0x0000000003a188c8 method=java.lang.ClassLoader.loadClass(Ljava/lang/String;Z)Ljava/lang/Class; @ 38
Event: 65.402 Thread 0x000000002839b800 Uncommon trap: reason=bimorphic action=maybe_recompile pc=0x0000000003d2275c method=java.io.DataInputStream.readInt()I @ 4
Event: 65.402 Thread 0x00000000283a7800 Uncommon trap: reason=bimorphic action=maybe_recompile pc=0x0000000003d2275c method=java.io.DataInputStream.readInt()I @ 4
Event: 65.402 Thread 0x00000000283a3000 Uncommon trap: reason=bimorphic action=maybe_recompile pc=0x0000000003d2275c method=java.io.DataInputStream.readInt()I @ 4
Event: 79.192 Thread 0x000000002839b800 Uncommon trap: reason=unstable_if action=reinterpret pc=0x0000000003b24a44 method=java.util.concurrent.ConcurrentHashMap.addCount(JI)V @ 34

Classes redefined (0 events):
No events

Internal exceptions (10 events):
Event: 79.186 Thread 0x00000000283a1800 Exception <a 'java/lang/NoSuchMethodError': <clinit>> (0x000000076d714c28) thrown at [C:\re\workspace\8-2-build-windows-amd64-cygwin\jdk8u221\13320\hotspot\src\share\vm\prims\jni.cpp, line 1614]
Event: 79.186 Thread 0x000000002839b800 Exception <a 'java/lang/NoSuchMethodError': <clinit>> (0x000000076d937730) thrown at [C:\re\workspace\8-2-build-windows-amd64-cygwin\jdk8u221\13320\hotspot\src\share\vm\prims\jni.cpp, line 1614]
Event: 79.190 Thread 0x00000000283a7800 Exception <a 'java/lang/NoSuchMethodError': <clinit>> (0x000000076d47d0f8) thrown at [C:\re\workspace\8-2-build-windows-amd64-cygwin\jdk8u221\13320\hotspot\src\share\vm\prims\jni.cpp, line 1614]
Event: 79.190 Thread 0x00000000283a3000 Exception <a 'java/lang/NoSuchMethodError': <clinit>> (0x000000076d8f7b60) thrown at [C:\re\workspace\8-2-build-windows-amd64-cygwin\jdk8u221\13320\hotspot\src\share\vm\prims\jni.cpp, line 1614]
Event: 79.190 Thread 0x000000002839d000 Exception <a 'java/lang/NoSuchMethodError': <clinit>> (0x000000076da34d18) thrown at [C:\re\workspace\8-2-build-windows-amd64-cygwin\jdk8u221\13320\hotspot\src\share\vm\prims\jni.cpp, line 1614]
Event: 79.190 Thread 0x000000002839b800 Exception <a 'java/lang/NoSuchMethodError': <clinit>> (0x000000076d93f528) thrown at [C:\re\workspace\8-2-build-windows-amd64-cygwin\jdk8u221\13320\hotspot\src\share\vm\prims\jni.cpp, line 1614]
Event: 79.190 Thread 0x000000002839b000 Exception <a 'java/lang/NoSuchMethodError': <clinit>> (0x000000076da10e38) thrown at [C:\re\workspace\8-2-build-windows-amd64-cygwin\jdk8u221\13320\hotspot\src\share\vm\prims\jni.cpp, line 1614]
Event: 79.190 Thread 0x000000002839e800 Exception <a 'java/lang/NoSuchMethodError': <clinit>> (0x000000076d8a8dc0) thrown at [C:\re\workspace\8-2-build-windows-amd64-cygwin\jdk8u221\13320\hotspot\src\share\vm\prims\jni.cpp, line 1614]
Event: 79.190 Thread 0x00000000283a8800 Exception <a 'java/lang/NoSuchMethodError': <clinit>> (0x000000076d9252f8) thrown at [C:\re\workspace\8-2-build-windows-amd64-cygwin\jdk8u221\13320\hotspot\src\share\vm\prims\jni.cpp, line 1614]
Event: 79.190 Thread 0x00000000283a1800 Exception <a 'java/lang/NoSuchMethodError': <clinit>> (0x000000076d72c410) thrown at [C:\re\workspace\8-2-build-windows-amd64-cygwin\jdk8u221\13320\hotspot\src\share\vm\prims\jni.cpp, line 1614]

Events (10 events):
Event: 79.254 Thread 0x000000002839e000 DEOPT PACKING pc=0x00000000038ecb74 sp=0x0000000028ffd930
Event: 79.254 Thread 0x000000002839e000 DEOPT UNPACKING pc=0x0000000003547890 sp=0x0000000028ffd750 mode 1
Event: 79.254 loading class org/apache/spark/TaskFailedReason$class
Event: 79.254 loading class org/apache/spark/TaskFailedReason$class done
Event: 79.255 Thread 0x000000002839e000 DEOPT PACKING pc=0x00000000036c3109 sp=0x0000000028ffcc30
Event: 79.255 Thread 0x000000002839e000 DEOPT UNPACKING pc=0x0000000003547890 sp=0x0000000028ffc980 mode 1
Event: 79.255 Thread 0x000000002839e000 DEOPT PACKING pc=0x00000000038ecc2c sp=0x0000000028ffccb0
Event: 79.255 Thread 0x000000002839e000 DEOPT UNPACKING pc=0x0000000003547890 sp=0x0000000028ffcad0 mode 1
Event: 79.255 Thread 0x000000002839e000 DEOPT PACKING pc=0x00000000038ecb74 sp=0x0000000028ffce40
Event: 79.255 Thread 0x000000002839e000 DEOPT UNPACKING pc=0x0000000003547890 sp=0x0000000028ffcc60 mode 1


Dynamic libraries:
0x00007ff660990000 - 0x00007ff6609c7000 	D:\JDK\jdk1.8.0_221\bin\java.exe
0x00007ffd80870000 - 0x00007ffd80a84000 	C:\WINDOWS\SYSTEM32\ntdll.dll
0x00007ffd7f6f0000 - 0x00007ffd7f7b2000 	C:\WINDOWS\System32\KERNEL32.DLL
0x00007ffd7de00000 - 0x00007ffd7e19c000 	C:\WINDOWS\System32\KERNELBASE.dll
0x00007ffd80720000 - 0x00007ffd807ce000 	C:\WINDOWS\System32\ADVAPI32.dll
0x00007ffd80170000 - 0x00007ffd80217000 	C:\WINDOWS\System32\msvcrt.dll
0x00007ffd80670000 - 0x00007ffd80714000 	C:\WINDOWS\System32\sechost.dll
0x00007ffd7f3e0000 - 0x00007ffd7f4f7000 	C:\WINDOWS\System32\RPCRT4.dll
0x00007ffd7f220000 - 0x00007ffd7f3cb000 	C:\WINDOWS\System32\USER32.dll
0x00007ffd7ddd0000 - 0x00007ffd7ddf6000 	C:\WINDOWS\System32\win32u.dll
0x00007ffd7f500000 - 0x00007ffd7f529000 	C:\WINDOWS\System32\GDI32.dll
0x00007ffd7e1a0000 - 0x00007ffd7e2b3000 	C:\WINDOWS\System32\gdi32full.dll
0x00007ffd7dcb0000 - 0x00007ffd7dd4a000 	C:\WINDOWS\System32\msvcp_win.dll
0x00007ffd7e560000 - 0x00007ffd7e671000 	C:\WINDOWS\System32\ucrtbase.dll
0x00007ffd6c330000 - 0x00007ffd6c5be000 	C:\WINDOWS\WinSxS\amd64_microsoft.windows.common-controls_6595b64144ccf1df_6.0.22621.608_none_a9444ca7c10bb01d\COMCTL32.dll
0x00007ffd80220000 - 0x00007ffd80251000 	C:\WINDOWS\System32\IMM32.DLL
0x0000000053aa0000 - 0x0000000053b72000 	D:\JDK\jdk1.8.0_221\jre\bin\msvcr100.dll
0x00000000531f0000 - 0x0000000053a95000 	D:\JDK\jdk1.8.0_221\jre\bin\server\jvm.dll
0x00007ffd804d0000 - 0x00007ffd804d8000 	C:\WINDOWS\System32\PSAPI.DLL
0x00007ffd61e70000 - 0x00007ffd61e79000 	C:\WINDOWS\SYSTEM32\WSOCK32.dll
0x00007ffd749b0000 - 0x00007ffd749e4000 	C:\WINDOWS\SYSTEM32\WINMM.dll
0x00007ffd749f0000 - 0x00007ffd749fa000 	C:\WINDOWS\SYSTEM32\VERSION.dll
0x00007ffd7f530000 - 0x00007ffd7f5a1000 	C:\WINDOWS\System32\WS2_32.dll
0x00007ffd79700000 - 0x00007ffd7970f000 	D:\JDK\jdk1.8.0_221\jre\bin\verify.dll
0x00007ffd796d0000 - 0x00007ffd796f9000 	D:\JDK\jdk1.8.0_221\jre\bin\java.dll
0x00007ffd5da60000 - 0x00007ffd5da95000 	D:\JDK\jdk1.8.0_221\jre\bin\jdwp.dll
0x00007ffd79530000 - 0x00007ffd79538000 	D:\JDK\jdk1.8.0_221\jre\bin\npt.dll
0x00007ffd670a0000 - 0x00007ffd670c3000 	D:\JDK\jdk1.8.0_221\jre\bin\instrument.dll
0x00007ffd74350000 - 0x00007ffd74366000 	D:\JDK\jdk1.8.0_221\jre\bin\zip.dll
0x00007ffd7e680000 - 0x00007ffd7ee70000 	C:\WINDOWS\System32\SHELL32.dll
0x00007ffd7bc70000 - 0x00007ffd7c53d000 	C:\WINDOWS\SYSTEM32\windows.storage.dll
0x00007ffd7f7e0000 - 0x00007ffd7fb69000 	C:\WINDOWS\System32\combase.dll
0x00007ffd7bb30000 - 0x00007ffd7bc6e000 	C:\WINDOWS\SYSTEM32\wintypes.dll
0x00007ffd804e0000 - 0x00007ffd805d1000 	C:\WINDOWS\System32\SHCORE.dll
0x00007ffd7f690000 - 0x00007ffd7f6ee000 	C:\WINDOWS\System32\shlwapi.dll
0x00007ffd7dbe0000 - 0x00007ffd7dc01000 	C:\WINDOWS\SYSTEM32\profapi.dll
0x00007ffd79520000 - 0x00007ffd79529000 	D:\JDK\jdk1.8.0_221\jre\bin\dt_socket.dll
0x00007ffd7d210000 - 0x00007ffd7d279000 	C:\WINDOWS\system32\mswsock.dll
0x00007ffd74330000 - 0x00007ffd7434a000 	D:\JDK\jdk1.8.0_221\jre\bin\net.dll
0x00007ffd70610000 - 0x00007ffd707ff000 	C:\WINDOWS\SYSTEM32\urlmon.dll
0x00007ffd70360000 - 0x00007ffd70610000 	C:\WINDOWS\SYSTEM32\iertutil.dll
0x00007ffd7c750000 - 0x00007ffd7c75c000 	C:\WINDOWS\SYSTEM32\netutils.dll
0x00007ffd756f0000 - 0x00007ffd75718000 	C:\WINDOWS\SYSTEM32\srvcli.dll
0x00007ffd60990000 - 0x00007ffd609a7000 	C:\WINDOWS\system32\napinsp.dll
0x00007ffd60970000 - 0x00007ffd6098b000 	C:\WINDOWS\system32\pnrpnsp.dll
0x00007ffd7c800000 - 0x00007ffd7c8f3000 	C:\WINDOWS\SYSTEM32\DNSAPI.dll
0x00007ffd7c7d0000 - 0x00007ffd7c7fd000 	C:\WINDOWS\SYSTEM32\IPHLPAPI.DLL
0x00007ffd7ef50000 - 0x00007ffd7ef59000 	C:\WINDOWS\System32\NSI.dll
0x00007ffd60950000 - 0x00007ffd60961000 	C:\WINDOWS\System32\winrnr.dll
0x00007ffd64f20000 - 0x00007ffd64f35000 	C:\WINDOWS\system32\wshbth.dll
0x00007ffd60920000 - 0x00007ffd60941000 	C:\WINDOWS\system32\nlansp_c.dll
0x00007ffd6c7e0000 - 0x00007ffd6c7ea000 	C:\Windows\System32\rasadhlp.dll
0x00007ffd76a00000 - 0x00007ffd76a83000 	C:\WINDOWS\System32\fwpuclnt.dll
0x00007ffd753a0000 - 0x00007ffd753ad000 	D:\JDK\jdk1.8.0_221\jre\bin\management.dll
0x00007ffd74be0000 - 0x00007ffd74be9000 	D:\JDK\jdk1.8.0_221\jre\bin\w2k_lsa_auth.dll
0x00007ffd67c50000 - 0x00007ffd67c5c000 	C:\WINDOWS\SYSTEM32\Secur32.dll
0x00007ffd7d000000 - 0x00007ffd7d042000 	C:\WINDOWS\SYSTEM32\SSPICLI.DLL
0x00007ffd741b0000 - 0x00007ffd741b8000 	D:\JDK\jdk1.8.0_221\jre\bin\jaas_nt.dll
0x00007ffd74310000 - 0x00007ffd74322000 	D:\JDK\jdk1.8.0_221\jre\bin\nio.dll
0x00007ffd7d530000 - 0x00007ffd7d54b000 	C:\WINDOWS\SYSTEM32\CRYPTSP.dll
0x00007ffd7cca0000 - 0x00007ffd7ccd5000 	C:\WINDOWS\system32\rsaenh.dll
0x00007ffd7d2b0000 - 0x00007ffd7d2d8000 	C:\WINDOWS\SYSTEM32\USERENV.dll
0x00007ffd7d680000 - 0x00007ffd7d6a8000 	C:\WINDOWS\SYSTEM32\bcrypt.dll
0x00007ffd7dd50000 - 0x00007ffd7ddcb000 	C:\WINDOWS\System32\bcryptprimitives.dll
0x00007ffd7d510000 - 0x00007ffd7d51c000 	C:\WINDOWS\SYSTEM32\CRYPTBASE.dll
0x00007ffd778a0000 - 0x00007ffd778b9000 	C:\WINDOWS\SYSTEM32\dhcpcsvc6.DLL
0x00007ffd77160000 - 0x00007ffd7717f000 	C:\WINDOWS\SYSTEM32\dhcpcsvc.DLL
0x00007ffd60a00000 - 0x00007ffd60a24000 	D:\JDK\jdk1.8.0_221\jre\bin\sunec.dll
0x00007ffd741a0000 - 0x00007ffd741ab000 	D:\JDK\jdk1.8.0_221\jre\bin\sunmscapi.dll
0x00007ffd7e2c0000 - 0x00007ffd7e426000 	C:\WINDOWS\System32\CRYPT32.dll
0x0000000066f40000 - 0x0000000066f6d000 	C:\Users\dell\AppData\Local\Temp\liblz4-java1979461337801988084.so
0x00007ffd5d230000 - 0x00007ffd5d2d8000 	E:\LaoK\githubFolder\oge-computation-ogc\lib\gdalalljni.dll
0x00007ffd5dd70000 - 0x00007ffd5dd8b000 	C:\WINDOWS\SYSTEM32\VCRUNTIME140.dll
0x00007ffcfdb50000 - 0x00007ffcfeefd000 	C:\WINDOWS\SYSTEM32\gdal305.dll
0x00007ffd7ef60000 - 0x00007ffd7f0fc000 	C:\WINDOWS\System32\ole32.dll
0x00007ffd7ee70000 - 0x00007ffd7ef47000 	C:\WINDOWS\System32\OLEAUT32.dll
0x00007ffd69c80000 - 0x00007ffd69ca2000 	C:\WINDOWS\SYSTEM32\ogdi.dll
0x00007ffd47830000 - 0x00007ffd47adb000 	C:\WINDOWS\SYSTEM32\xerces-c_3_2.dll
0x00007ffd661c0000 - 0x00007ffd661ea000 	C:\WINDOWS\SYSTEM32\libexpat.dll
0x0000000180000000 - 0x000000018004e000 	C:\WINDOWS\SYSTEM32\LIBPQ.dll
0x00007ffd807d0000 - 0x00007ffd8082e000 	C:\WINDOWS\System32\WLDAP32.dll
0x00007ffd5cfa0000 - 0x00007ffd5d139000 	C:\WINDOWS\SYSTEM32\tiff.dll
0x00007ffd47560000 - 0x00007ffd47824000 	C:\WINDOWS\SYSTEM32\proj_7_2.dll
0x00007ffd47300000 - 0x00007ffd4755b000 	C:\WINDOWS\SYSTEM32\sqlite3.dll
0x00007ffd45220000 - 0x00007ffd45e88000 	C:\WINDOWS\SYSTEM32\spatialite.dll
0x00007ffd1dfe0000 - 0x00007ffd1e09e000 	C:\WINDOWS\SYSTEM32\ODBC32.dll
0x00007ffd5da00000 - 0x00007ffd5da5c000 	C:\WINDOWS\SYSTEM32\geos_c.dll
0x00007ffd5d1b0000 - 0x00007ffd5d227000 	C:\WINDOWS\SYSTEM32\libcurl.dll
0x00007ffd46f00000 - 0x00007ffd472f8000 	C:\WINDOWS\SYSTEM32\libmysql.dll
0x00007ffd5c400000 - 0x00007ffd5c451000 	C:\WINDOWS\SYSTEM32\openjp2.dll
0x00007ffd6ccc0000 - 0x00007ffd6ccda000 	C:\WINDOWS\SYSTEM32\zlib.dll
0x00007ffd727a0000 - 0x00007ffd727ac000 	C:\WINDOWS\SYSTEM32\VCRUNTIME140_1.dll
0x00007ffd5ab60000 - 0x00007ffd5abee000 	C:\WINDOWS\SYSTEM32\MSVCP140.dll
0x00007ffd57390000 - 0x00007ffd5743d000 	C:\WINDOWS\SYSTEM32\libssl-1_1-x64.dll
0x00007ffd661a0000 - 0x00007ffd661b9000 	C:\WINDOWS\SYSTEM32\freexl.dll
0x00007ffd4ad10000 - 0x00007ffd4ae0f000 	C:\WINDOWS\SYSTEM32\iconv-2.dll
0x00007ffd37470000 - 0x00007ffd37737000 	C:\WINDOWS\SYSTEM32\libcrypto-1_1-x64.dll
0x00007ffd47e20000 - 0x00007ffd47f82000 	C:\WINDOWS\SYSTEM32\libxml2.dll
0x00007ffd7da10000 - 0x00007ffd7da1a000 	C:\WINDOWS\SYSTEM32\DPAPI.DLL
0x00007ffd46c30000 - 0x00007ffd46e03000 	C:\WINDOWS\SYSTEM32\geos.dll
0x00007ffd62000000 - 0x00007ffd6222e000 	C:\WINDOWS\SYSTEM32\dbghelp.dll

VM Arguments:
jvm_args: -agentlib:jdwp=transport=dt_socket,address=127.0.0.1:1494,suspend=y,server=n -Djava.library.path=E:\LaoK\githubFolder\oge-computation-ogc\lib -javaagent:C:\Users\dell\AppData\Local\JetBrains\IntelliJIdea2021.1\captureAgent\debugger-agent.jar -Dfile.encoding=UTF-8 
java_command: whu.edu.cn.application.oge.Trigger
java_class_path (initial): C:\Users\dell\AppData\Local\Temp\classpath864802059.jar;C:\Users\dell\AppData\Local\JetBrains\IntelliJIdea2021.1\captureAgent\debugger-agent.jar
Launcher Type: SUN_STANDARD

Environment Variables:
JAVA_HOME=D:\JDK\jdk1.8.0_221
CLASSPATH=.;D:\JDK\jdk1.8.0_221\lib;D:\JDK\jdk1.8.0_221\lib\tools.jar
PATH=C:\Program Files (x86)\Yarn\bin\;D:\Python273;C:\Python310\Scripts\;C:\Python310\;C:\Program Files (x86)\Common Files\Oracle\Java\javapath;D:\python36\Scripts\;D:\python36\;C:\WINDOWS\system32;C:\WINDOWS;C:\WINDOWS\System32\Wbem;C:\WINDOWS\System32\WindowsPowerShell\v1.0\;C:\WINDOWS\System32\OpenSSH\;D:\Program Files\CMake\bin;D:\3rdParty\VTK\bin-r;C:\Program Files\EmEditor;D:\3rdParty\OpenSceneGraph-3.6.4-VC2017-64-Release\bin;D:\Program Files\cwrsync_6.2.1_x64_free\bin;D:\3rdParty\TriangleViewer;D:\Qt5.15\5.15.1\msvc2019_64\bin;D:\Xshell\;D:\Xftp\;D:\JDK\jdk1.8.0_221\bin;D:\JDK\jdk1.8.0_221\jre\bin;C:\Program Files\Pandoc\;C:\Program Files\Git\cmd;D:\scala-2.12.14\scala-2.12.14\bin;D:\hadoop-2.7.1\bin;D:\hadoop-2.7.1\sbin;D:\spark-3.3.0-bin-hadoop2\bin;C:\ProgramData\chocolatey\bin;D:\nvm\nvm;D:\nvm\nodejs;C:\Users\dell\.windows-build-tools\python27\;D:\anaconda3;D:\anaconda3\Library\mingw-w64\bin;D:\anaconda3\Library\usr\bin;D:\anaconda3\Library\bin;D:\anaconda3\Scripts;C:\Users\dell\AppData\Local\Microsoft\WindowsApps;D:\Program Files\Bandzip\;D:\JetBrain\Pycharm\PyCharm 2021.1.1\bin;D:\JetBrain\IDEA\IntelliJ IDEA 2021.1.1\bin;D:\VScode\Microsoft VS Code\bin;D:\Fiddler;C:\Users\dell\AppData\Roaming\npm;C:\Users\dell\AppData\Local\Yarn\bin;D:\nvm\nvm;D:\nvm\nodejs;C:\Users\dell\AppData\Local\Microsoft\WindowsApps;
USERNAME=dell
OS=Windows_NT
PROCESSOR_IDENTIFIER=Intel64 Family 6 Model 165 Stepping 3, GenuineIntel



---------------  S Y S T E M  ---------------

OS: Windows 10.0 , 64 bit Build 22621 (10.0.22621.1485)

CPU:total 12 (initial active 12) (6 cores per cpu, 2 threads per core) family 6 model 165 stepping 3, cmov, cx8, fxsr, mmx, sse, sse2, sse3, ssse3, sse4.1, sse4.2, popcnt, avx, avx2, aes, clmul, erms, 3dnowpref, lzcnt, ht, tsc, tscinvbit, bmi1, bmi2, adx

Memory: 4k page, physical 16525404k(1580368k free), swap 39594076k(5859456k free)

vm_info: Java HotSpot(TM) 64-Bit Server VM (25.221-b11) for windows-amd64 JRE (1.8.0_221-b11), built on Jul  4 2019 04:39:29 by "java_re" with MS VC++ 10.0 (VS2010)

time: Fri Apr 21 19:42:35 2023
timezone: 中国标准时间
elapsed time: 79 seconds (0d 0h 1m 19s)

